<?xml version="1.0" encoding="UTF-8"?>
<testsuite xmlns:xsi="http://www.w3.org/2001/XMLSchema-instance" xsi:noNamespaceSchemaLocation="https://maven.apache.org/surefire/maven-surefire-plugin/xsd/surefire-test-report.xsd" name="controllers.RoomControllerTest" time="1.026" tests="6" errors="0" skipped="0" failures="0">
  <properties>
[...]
</properties>
  <testcase name="testSaveRoom" classname="controllers.RoomControllerTest" time="0.018"/>
  <testcase name="testFindAllRooms" classname="controllers.RoomControllerTest" time="0.002"/>
  <testcase name="testUpdateRoom" classname="controllers.RoomControllerTest" time="0.011"/>
  <testcase name="testFindRoomById" classname="controllers.RoomControllerTest" time="0"/>
  <testcase name="testDeleteRoom" classname="controllers.RoomControllerTest" time="0.002"/>
  <testcase name="testFindAvailableRooms" classname="controllers.RoomControllerTest" time="0.01"/>
</testsuite>